<?xml version="1.0" encoding="utf-8"?><testsuites name="pytest tests"><testsuite name="pytest" errors="0" failures="0" skipped="0" tests="2" time="1.850" timestamp="2026-04-21T00:52:06.699650+00:00" hostname="agent-env-ac6530a4-4d60-452b-a6e0-e3907b2dae47"><testcase classname="backend.tests.test_retest_iter3" name="test_brute_force_lockout_after_5_fails" time="1.140" /><testcase classname="backend.tests.test_retest_iter3" name="test_admin_login_still_works_when_not_locked" time="0.432" /></testsuite></testsuites>