<?xml version="1.0" encoding="utf-8"?><testsuites name="pytest tests"><testsuite name="pytest" errors="0" failures="0" skipped="0" tests="25" time="7.222" timestamp="2026-04-21T00:23:55.205446+00:00" hostname="agent-env-ac6530a4-4d60-452b-a6e0-e3907b2dae47"><testcase classname="backend.tests.backend_test" name="test_health" time="0.264" /><testcase classname="backend.tests.backend_test" name="test_register_customer" time="0.506" /><testcase classname="backend.tests.backend_test" name="test_register_duplicate_email" time="0.155" /><testcase classname="backend.tests.backend_test" name="test_login_admin" time="0.486" /><testcase classname="backend.tests.backend_test" name="test_login_wrong_password" time="0.445" /><testcase classname="backend.tests.backend_test" name="test_auth_me_bearer" time="0.187" /><testcase classname="backend.tests.backend_test" name="test_auth_me_cookie" time="0.484" /><testcase classname="backend.tests.backend_test" name="test_auth_me_no_token" time="0.166" /><testcase classname="backend.tests.backend_test" name="test_auth_logout" time="0.479" /><testcase classname="backend.tests.backend_test" name="test_catalog" time="0.180" /><testcase classname="backend.tests.backend_test" name="test_estimate" time="0.134" /><testcase classname="backend.tests.backend_test" name="test_estimate_invalid_brand" time="0.179" /><testcase classname="backend.tests.backend_test" name="test_create_booking" time="0.178" /><testcase classname="backend.tests.backend_test" name="test_my_bookings" time="0.167" /><testcase classname="backend.tests.backend_test" name="test_get_booking_owner" time="0.331" /><testcase classname="backend.tests.backend_test" name="test_get_booking_admin_access" time="0.164" /><testcase classname="backend.tests.backend_test" name="test_get_booking_other_user_forbidden" time="0.629" /><testcase classname="backend.tests.backend_test" name="test_my_bookings_isolation" time="0.183" /><testcase classname="backend.tests.backend_test" name="test_public_track_no_auth" time="0.139" /><testcase classname="backend.tests.backend_test" name="test_public_track_invalid" time="0.154" /><testcase classname="backend.tests.backend_test" name="test_admin_bookings_list" time="0.150" /><testcase classname="backend.tests.backend_test" name="test_admin_bookings_forbidden_for_customer" time="0.168" /><testcase classname="backend.tests.backend_test" name="test_admin_stats" time="0.150" /><testcase classname="backend.tests.backend_test" name="test_admin_update_status" time="0.200" /><testcase classname="backend.tests.backend_test" name="test_admin_set_diagnostic" time="0.541" /></testsuite></testsuites>