<?xml version="1.0" encoding="utf-8"?><testsuites name="pytest tests"><testsuite name="pytest" errors="0" failures="1" skipped="0" tests="36" time="18.755" timestamp="2026-04-21T00:48:30.058628+00:00" hostname="agent-env-ac6530a4-4d60-452b-a6e0-e3907b2dae47"><testcase classname="backend.tests.backend_test" name="test_health" time="0.266" /><testcase classname="backend.tests.backend_test" name="test_register_customer" time="0.452" /><testcase classname="backend.tests.backend_test" name="test_register_duplicate_email" time="0.146" /><testcase classname="backend.tests.backend_test" name="test_login_admin" time="0.414" /><testcase classname="backend.tests.backend_test" name="test_login_wrong_password" time="0.398" /><testcase classname="backend.tests.backend_test" name="test_auth_me_bearer" time="0.127" /><testcase classname="backend.tests.backend_test" name="test_auth_me_cookie" time="0.474" /><testcase classname="backend.tests.backend_test" name="test_auth_me_no_token" time="0.126" /><testcase classname="backend.tests.backend_test" name="test_auth_logout" time="0.488" /><testcase classname="backend.tests.backend_test" name="test_catalog" time="0.139" /><testcase classname="backend.tests.backend_test" name="test_estimate" time="0.129" /><testcase classname="backend.tests.backend_test" name="test_estimate_invalid_brand" time="0.131" /><testcase classname="backend.tests.backend_test" name="test_create_booking" time="0.116" /><testcase classname="backend.tests.backend_test" name="test_my_bookings" time="0.124" /><testcase classname="backend.tests.backend_test" name="test_get_booking_owner" time="0.127" /><testcase classname="backend.tests.backend_test" name="test_get_booking_admin_access" time="0.128" /><testcase classname="backend.tests.backend_test" name="test_get_booking_other_user_forbidden" time="0.555" /><testcase classname="backend.tests.backend_test" name="test_my_bookings_isolation" time="0.118" /><testcase classname="backend.tests.backend_test" name="test_public_track_no_auth" time="0.116" /><testcase classname="backend.tests.backend_test" name="test_public_track_invalid" time="0.169" /><testcase classname="backend.tests.backend_test" name="test_admin_bookings_list" time="0.134" /><testcase classname="backend.tests.backend_test" name="test_admin_bookings_forbidden_for_customer" time="0.122" /><testcase classname="backend.tests.backend_test" name="test_admin_stats" time="0.160" /><testcase classname="backend.tests.backend_test" name="test_admin_update_status" time="0.158" /><testcase classname="backend.tests.backend_test" name="test_admin_set_diagnostic" time="0.275" /><testcase classname="backend.tests.backend_test" name="test_ongkir_autocomplete_bojonegoro" time="1.426" /><testcase classname="backend.tests.backend_test" name="test_ongkir_autocomplete_too_short" time="0.133" /><testcase classname="backend.tests.backend_test" name="test_ongkir_estimate_fallback_or_live" time="1.043" /><testcase classname="backend.tests.backend_test" name="test_brute_force_lockout_and_clear_on_success" time="5.531"><failure message="AssertionError: Expected 429 lockout, got 401: {&quot;detail&quot;:&quot;Email atau password salah&quot;}&#10;assert 401 == 429">E   AssertionError: Expected 429 lockout, got 401: {"detail":"Email atau password salah"}
    assert 401 == 429</failure></testcase><testcase classname="backend.tests.backend_test" name="test_forgot_password_always_success" time="0.292" /><testcase classname="backend.tests.backend_test" name="test_reset_password_flow" time="2.299" /><testcase classname="backend.tests.backend_test" name="test_upload_diagnostic_photo_before_and_after" time="0.821" /><testcase classname="backend.tests.backend_test" name="test_diagnostic_put_preserves_photos" time="0.145" /><testcase classname="backend.tests.backend_test" name="test_upload_rejects_non_image" time="0.130" /><testcase classname="backend.tests.backend_test" name="test_upload_rejects_oversize" time="0.736" /><testcase classname="backend.tests.backend_test" name="test_file_proxy_requires_auth" time="0.400" /></testsuite></testsuites>